<?xml version="1.0" encoding="UTF-8"?>
<testng-results ignored="0" total="1" passed="1" failed="0" skipped="0">
  <reporter-output>
  </reporter-output>
  <suite started-at="2020-05-25T20:57:05 PDT" name="Default suite" finished-at="2020-05-25T20:57:17 PDT" duration-ms="12286">
    <groups>
    </groups>
    <test started-at="2020-05-25T20:57:05 PDT" name="Default test" finished-at="2020-05-25T20:57:17 PDT" duration-ms="12286">
      <class name="com.testpages.LogUrlAndVerifyLogoIsPresent">
        <test-method is-config="true" signature="initialize()[pri:0, instance:com.testpages.LogUrlAndVerifyLogoIsPresent@670002]" started-at="2020-05-25T20:57:05 PDT" name="initialize" finished-at="2020-05-25T20:57:13 PDT" duration-ms="7391" status="PASS">
          <reporter-output>
          </reporter-output>
        </test-method> <!-- initialize -->
        <test-method signature="retrieveFeaturedWatchList()[pri:0, instance:com.testpages.LogUrlAndVerifyLogoIsPresent@670002]" started-at="2020-05-25T20:57:13 PDT" name="retrieveFeaturedWatchList" finished-at="2020-05-25T20:57:17 PDT" duration-ms="4846" status="PASS">
          <reporter-output>
          </reporter-output>
        </test-method> <!-- retrieveFeaturedWatchList -->
        <test-method is-config="true" signature="tearDown()[pri:0, instance:com.testpages.LogUrlAndVerifyLogoIsPresent@670002]" started-at="2020-05-25T20:57:18 PDT" name="tearDown" finished-at="2020-05-25T20:57:21 PDT" duration-ms="3676" status="PASS">
          <reporter-output>
          </reporter-output>
        </test-method> <!-- tearDown -->
      </class> <!-- com.testpages.LogUrlAndVerifyLogoIsPresent -->
    </test> <!-- Default test -->
  </suite> <!-- Default suite -->
</testng-results>
